<?xml version="1.0" encoding="UTF-8"?>
<!-- Generated by org.testng.reporters.JUnitReportReporter -->
<testsuite skipped="0" hostname="CDC2-D-6LCBH92" name="demo.Excel" tests="1" failures="0" timestamp="31 Jul 2019 07:22:15 GMT" time="0.687" errors="0">
  <testcase name="trialExcel" time="0.687" classname="demo.Excel"/>
</testsuite> <!-- demo.Excel -->
