<?xml version="1.0" encoding="UTF-8"?>
<!-- Generated by org.testng.reporters.JUnitReportReporter -->
<testsuite skipped="0" hostname="CDC2-D-6LCBH92" name="demo.WritePoi" tests="1" failures="0" timestamp="1 Aug 2019 04:41:54 GMT" time="3.196" errors="0">
  <testcase name="f" time="3.196" classname="demo.WritePoi"/>
</testsuite> <!-- demo.WritePoi -->
