<?xml version="1.0" encoding="UTF-8"?>
<!-- Generated by org.testng.reporters.JUnitReportReporter -->
<testsuite skipped="0" hostname="CDC2-D-6LCBH92" name="demo.FileUpload" tests="1" failures="0" timestamp="2 Aug 2019 05:56:08 GMT" time="3.577" errors="0">
  <testcase name="upload" time="3.577" classname="demo.FileUpload"/>
</testsuite> <!-- demo.FileUpload -->
